#
# There is insufficient memory for the Java Runtime Environment to continue.
# Native memory allocation (mmap) failed to map 65536 bytes for Failed to commit metaspace.
# Possible reasons:
#   The system is out of physical RAM or swap space
#   The process is running with CompressedOops enabled, and the Java Heap may be blocking the growth of the native heap
# Possible solutions:
#   Reduce memory load on the system
#   Increase physical memory or swap space
#   Check if swap backing store is full
#   Decrease Java heap size (-Xmx/-Xms)
#   Decrease number of Java threads
#   Decrease Java thread stack sizes (-Xss)
#   Set larger code cache with -XX:ReservedCodeCacheSize=
#   JVM is running with Unscaled Compressed Oops mode in which the Java heap is
#     placed in the first 4GB address space. The Java Heap base address is the
#     maximum limit for the native heap growth. Please use -XX:HeapBaseMinAddress
#     to set the Java Heap base and to place the Java Heap above 4GB virtual address.
# This output file may be truncated or incomplete.
#
#  Out of Memory Error (virtualSpaceNode.cpp:110), pid=30664, tid=26336
#
# JRE version: OpenJDK Runtime Environment Temurin-17.0.7+7 (17.0.7+7) (build 17.0.7+7)
# Java VM: OpenJDK 64-Bit Server VM Temurin-17.0.7+7 (17.0.7+7, mixed mode, tiered, compressed oops, compressed class ptrs, parallel gc, windows-amd64)
# No core dump will be written. Minidumps are not enabled by default on client versions of Windows
#

---------------  S U M M A R Y ------------

Command Line: --add-modules=ALL-SYSTEM --add-opens=java.base/java.util=ALL-UNNAMED --add-opens=java.base/java.lang=ALL-UNNAMED --add-opens=java.base/sun.nio.fs=ALL-UNNAMED -Declipse.application=org.eclipse.jdt.ls.core.id1 -Dosgi.bundles.defaultStartLevel=4 -Declipse.product=org.eclipse.jdt.ls.core.product -Djava.import.generatesMetadataFilesAtProjectRoot=false -Dfile.encoding=utf8 -XX:+UseParallelGC -XX:GCTimeRatio=4 -XX:AdaptiveSizePolicyWeight=90 -Dsun.zip.disableMemoryMapping=true -Xmx1G -Xms100m -Xlog:disable -javaagent:c:\Users\juan0\.vscode\extensions\redhat.java-1.21.0-win32-x64\lombok\lombok-1.18.28.jar c:\Users\juan0\.vscode\extensions\redhat.java-1.21.0-win32-x64\server\plugins\org.eclipse.equinox.launcher_1.6.500.v20230717-2134.jar -configuration c:\Users\juan0\AppData\Roaming\Code\User\globalStorage\redhat.java\1.21.0\config_ss_win -data c:\Users\juan0\AppData\Roaming\Code\User\workspaceStorage\510cfb81e794d498a4086d2f40c99931\redhat.java\ss_ws

Host: AMD Ryzen 3 3250U with Radeon Graphics         , 4 cores, 3G,  Windows 11 , 64 bit Build 22621 (10.0.22621.2070)
Time: Tue Aug 29 21:04:45 2023 Hora est. Pacífico, Sudamérica elapsed time: 5.575553 seconds (0d 0h 0m 5s)

---------------  T H R E A D  ---------------

Current thread (0x0000012519807d70):  JavaThread "Start Level: Equinox Container: 291d98b3-1b81-446d-84c1-0be39a8daa4c" daemon [_thread_in_vm, id=26336, stack(0x0000001100900000,0x0000001100a00000)]

Stack: [0x0000001100900000,0x0000001100a00000]
Native frames: (J=compiled Java code, j=interpreted, Vv=VM code, C=native code)
V  [jvm.dll+0x67754a]
V  [jvm.dll+0x834304]
V  [jvm.dll+0x835aae]
V  [jvm.dll+0x836113]
V  [jvm.dll+0x24696f]
V  [jvm.dll+0x83039b]
V  [jvm.dll+0x61c006]
V  [jvm.dll+0x1c169e]
V  [jvm.dll+0x61e961]
V  [jvm.dll+0x61c9a6]
V  [jvm.dll+0x626887]
V  [jvm.dll+0x1eb47b]
V  [jvm.dll+0x1eb9b5]
V  [jvm.dll+0x1ec3ef]
V  [jvm.dll+0x1e1891]
V  [jvm.dll+0x53ea50]
V  [jvm.dll+0x7afc28]
V  [jvm.dll+0x7afd14]
V  [jvm.dll+0x40de05]
V  [jvm.dll+0x413f58]
C  [java.dll+0x17ec]

Java frames: (J=compiled Java code, j=interpreted, Vv=VM code)
J 1063  java.lang.ClassLoader.defineClass1(Ljava/lang/ClassLoader;Ljava/lang/String;[BIILjava/security/ProtectionDomain;Ljava/lang/String;)Ljava/lang/Class; java.base@17.0.7 (0 bytes) @ 0x000001250a6f38db [0x000001250a6f3820+0x00000000000000bb]
J 1655 c1 java.lang.ClassLoader.defineClass(Ljava/lang/String;[BIILjava/security/ProtectionDomain;)Ljava/lang/Class; java.base@17.0.7 (43 bytes) @ 0x0000012502ec4ed4 [0x0000012502ec4b80+0x0000000000000354]
j  org.eclipse.osgi.internal.loader.ModuleClassLoader.defineClass(Ljava/lang/String;[BLorg/eclipse/osgi/internal/loader/classpath/ClasspathEntry;)Lorg/eclipse/osgi/internal/loader/ModuleClassLoader$DefineClassResult;+42
J 1898 c1 org.eclipse.osgi.internal.loader.classpath.ClasspathManager.defineClass(Ljava/lang/String;[BLorg/eclipse/osgi/internal/loader/classpath/ClasspathEntry;Lorg/eclipse/osgi/storage/bundlefile/BundleEntry;Ljava/util/List;)Ljava/lang/Class; (636 bytes) @ 0x0000012502f4fbb4 [0x0000012502f4e1e0+0x00000000000019d4]
J 1701 c1 org.eclipse.osgi.internal.loader.classpath.ClasspathManager.findClassImpl(Ljava/lang/String;Lorg/eclipse/osgi/internal/loader/classpath/ClasspathEntry;Ljava/util/List;)Ljava/lang/Class; (308 bytes) @ 0x0000012502eec74c [0x0000012502ee9960+0x0000000000002dec]
J 1700 c1 org.eclipse.osgi.internal.loader.classpath.ClasspathManager.findLocalClassImpl(Ljava/lang/String;[Lorg/eclipse/osgi/internal/loader/classpath/ClasspathEntry;Ljava/util/List;)Ljava/lang/Class; (55 bytes) @ 0x0000012502ee8dcc [0x0000012502ee8c40+0x000000000000018c]
J 1699 c1 org.eclipse.osgi.internal.loader.classpath.ClasspathManager.findLocalClassImpl(Ljava/lang/String;Ljava/util/List;)Ljava/lang/Class; (132 bytes) @ 0x0000012502ee8354 [0x0000012502ee7e40+0x0000000000000514]
J 1819 c1 org.eclipse.osgi.internal.loader.classpath.ClasspathManager.findLocalClass(Ljava/lang/String;)Ljava/lang/Class; (210 bytes) @ 0x0000012502f25bbc [0x0000012502f24f20+0x0000000000000c9c]
J 1691 c1 org.eclipse.osgi.internal.loader.BundleLoader.findLocalClass(Ljava/lang/String;)Ljava/lang/Class; (152 bytes) @ 0x0000012502eddcec [0x0000012502edd4a0+0x000000000000084c]
J 1618 c1 org.eclipse.osgi.internal.loader.BundleLoader.findClass0(Ljava/lang/String;ZZ)Ljava/lang/Class; (466 bytes) @ 0x0000012502eb3594 [0x0000012502eb0ea0+0x00000000000026f4]
J 1617 c1 org.eclipse.osgi.internal.loader.BundleLoader.findClass(Ljava/lang/String;)Ljava/lang/Class; (8 bytes) @ 0x0000012502eb059c [0x0000012502eb0520+0x000000000000007c]
J 1619 c1 org.eclipse.osgi.internal.loader.ModuleClassLoader.loadClass(Ljava/lang/String;Z)Ljava/lang/Class; (36 bytes) @ 0x0000012502eb65bc [0x0000012502eb63a0+0x000000000000021c]
J 796 c1 java.lang.ClassLoader.loadClass(Ljava/lang/String;)Ljava/lang/Class; java.base@17.0.7 (7 bytes) @ 0x0000012502d0c9bc [0x0000012502d0c8c0+0x00000000000000fc]
v  ~StubRoutines::call_stub
j  org.eclipse.core.internal.resources.Workspace.startup(Lorg/eclipse/core/runtime/IProgressMonitor;)V+146
j  org.eclipse.core.internal.resources.Workspace.open(Lorg/eclipse/core/runtime/IProgressMonitor;)Lorg/eclipse/core/runtime/IStatus;+136
j  org.eclipse.core.resources.ResourcesPlugin$WorkspaceInitCustomizer.addingService(Lorg/osgi/framework/ServiceReference;)Lorg/eclipse/core/internal/resources/Workspace;+45
j  org.eclipse.core.resources.ResourcesPlugin$WorkspaceInitCustomizer.addingService(Lorg/osgi/framework/ServiceReference;)Ljava/lang/Object;+5
j  org.osgi.util.tracker.ServiceTracker$Tracked.customizerAdding(Lorg/osgi/framework/ServiceReference;Lorg/osgi/framework/ServiceEvent;)Ljava/lang/Object;+8
j  org.osgi.util.tracker.ServiceTracker$Tracked.customizerAdding(Ljava/lang/Object;Ljava/lang/Object;)Ljava/lang/Object;+9
j  org.osgi.util.tracker.AbstractTracked.trackAdding(Ljava/lang/Object;Ljava/lang/Object;)V+8
j  org.osgi.util.tracker.AbstractTracked.trackInitial()V+90
j  org.osgi.util.tracker.ServiceTracker.open(Z)V+198
j  org.osgi.util.tracker.ServiceTracker.open()V+2
j  org.eclipse.core.resources.ResourcesPlugin.start(Lorg/osgi/framework/BundleContext;)V+106
j  org.eclipse.osgi.internal.framework.BundleContextImpl$2.run()Ljava/lang/Void;+23
j  org.eclipse.osgi.internal.framework.BundleContextImpl$2.run()Ljava/lang/Object;+1
j  java.security.AccessController.executePrivileged(Ljava/security/PrivilegedExceptionAction;Ljava/security/AccessControlContext;Ljava/lang/Class;)Ljava/lang/Object;+29 java.base@17.0.7
j  java.security.AccessController.doPrivileged(Ljava/security/PrivilegedExceptionAction;)Ljava/lang/Object;+9 java.base@17.0.7
j  org.eclipse.osgi.internal.framework.BundleContextImpl.startActivator(Lorg/osgi/framework/BundleActivator;)V+9
j  org.eclipse.osgi.internal.framework.BundleContextImpl.start()V+134
j  org.eclipse.osgi.internal.framework.EquinoxBundle.startWorker0()V+35
j  org.eclipse.osgi.internal.framework.EquinoxBundle$EquinoxModule.startWorker()V+4
j  org.eclipse.osgi.container.Module.doStart([Lorg/eclipse/osgi/container/Module$StartOptions;)Lorg/eclipse/osgi/container/ModuleContainerAdaptor$ModuleEvent;+190
j  org.eclipse.osgi.container.Module.start([Lorg/eclipse/osgi/container/Module$StartOptions;)V+460
j  org.eclipse.osgi.framework.util.SecureAction.start(Lorg/eclipse/osgi/container/Module;[Lorg/eclipse/osgi/container/Module$StartOptions;)V+8
J 1693 c1 org.eclipse.osgi.internal.hooks.EclipseLazyStarter.postFindLocalClass(Ljava/lang/String;Ljava/lang/Class;Lorg/eclipse/osgi/internal/loader/classpath/ClasspathManager;)V (394 bytes) @ 0x0000012502ee0c5c [0x0000012502edfce0+0x0000000000000f7c]
J 1819 c1 org.eclipse.osgi.internal.loader.classpath.ClasspathManager.findLocalClass(Ljava/lang/String;)Ljava/lang/Class; (210 bytes) @ 0x0000012502f25ed4 [0x0000012502f24f20+0x0000000000000fb4]
J 1691 c1 org.eclipse.osgi.internal.loader.BundleLoader.findLocalClass(Ljava/lang/String;)Ljava/lang/Class; (152 bytes) @ 0x0000012502eddcec [0x0000012502edd4a0+0x000000000000084c]
J 1618 c1 org.eclipse.osgi.internal.loader.BundleLoader.findClass0(Ljava/lang/String;ZZ)Ljava/lang/Class; (466 bytes) @ 0x0000012502eb3594 [0x0000012502eb0ea0+0x00000000000026f4]
J 1617 c1 org.eclipse.osgi.internal.loader.BundleLoader.findClass(Ljava/lang/String;)Ljava/lang/Class; (8 bytes) @ 0x0000012502eb059c [0x0000012502eb0520+0x000000000000007c]
J 1619 c1 org.eclipse.osgi.internal.loader.ModuleClassLoader.loadClass(Ljava/lang/String;Z)Ljava/lang/Class; (36 bytes) @ 0x0000012502eb65bc [0x0000012502eb63a0+0x000000000000021c]
J 796 c1 java.lang.ClassLoader.loadClass(Ljava/lang/String;)Ljava/lang/Class; java.base@17.0.7 (7 bytes) @ 0x0000012502d0c9bc [0x0000012502d0c8c0+0x00000000000000fc]
v  ~StubRoutines::call_stub
j  java.lang.Class.getDeclaredConstructors0(Z)[Ljava/lang/reflect/Constructor;+0 java.base@17.0.7
j  java.lang.Class.privateGetDeclaredConstructors(Z)[Ljava/lang/reflect/Constructor;+52 java.base@17.0.7
j  java.lang.Class.getConstructor0([Ljava/lang/Class;I)Ljava/lang/reflect/Constructor;+14 java.base@17.0.7
j  java.lang.Class.getConstructor([Ljava/lang/Class;)Ljava/lang/reflect/Constructor;+24 java.base@17.0.7
j  org.eclipse.osgi.internal.framework.BundleContextImpl.loadBundleActivator()Lorg/osgi/framework/BundleActivator;+105
j  org.eclipse.osgi.internal.framework.BundleContextImpl.start()V+18
j  org.eclipse.osgi.internal.framework.EquinoxBundle.startWorker0()V+35
j  org.eclipse.osgi.internal.framework.EquinoxBundle$EquinoxModule.startWorker()V+4
j  org.eclipse.osgi.container.Module.doStart([Lorg/eclipse/osgi/container/Module$StartOptions;)Lorg/eclipse/osgi/container/ModuleContainerAdaptor$ModuleEvent;+190
j  org.eclipse.osgi.container.Module.start([Lorg/eclipse/osgi/container/Module$StartOptions;)V+460
j  org.eclipse.osgi.container.ModuleContainer$ContainerStartLevel$2.run()V+71
j  org.eclipse.osgi.internal.framework.EquinoxContainerAdaptor$1$1.execute(Ljava/lang/Runnable;)V+1
j  org.eclipse.osgi.container.ModuleContainer$ContainerStartLevel.incStartLevel(ILjava/util/List;Z)V+192
j  org.eclipse.osgi.container.ModuleContainer$ContainerStartLevel.incStartLevel(ILjava/util/List;Ljava/util/List;Ljava/util/List;Ljava/util/List;)V+19
j  org.eclipse.osgi.container.ModuleContainer$ContainerStartLevel.doContainerStartLevel(Lorg/eclipse/osgi/container/Module;I[Lorg/osgi/framework/FrameworkListener;)V+349
j  org.eclipse.osgi.container.ModuleContainer$ContainerStartLevel.dispatchEvent(Lorg/eclipse/osgi/container/Module;[Lorg/osgi/framework/FrameworkListener;ILjava/lang/Integer;)V+32
j  org.eclipse.osgi.container.ModuleContainer$ContainerStartLevel.dispatchEvent(Ljava/lang/Object;Ljava/lang/Object;ILjava/lang/Object;)V+15
j  org.eclipse.osgi.framework.eventmgr.EventManager.dispatchEvent(Ljava/util/Set;Lorg/eclipse/osgi/framework/eventmgr/EventDispatcher;ILjava/lang/Object;)V+48
j  org.eclipse.osgi.framework.eventmgr.EventManager$EventThread.run()V+26
v  ~StubRoutines::call_stub

---------------  P R O C E S S  ---------------

Threads class SMR info:
_java_thread_list=0x0000012519adbf00, length=18, elements={
0x000001257fddc550, 0x0000012513d57010, 0x0000012513d58430, 0x0000012513d86f30,
0x0000012513d879f0, 0x0000012513d88d40, 0x0000012513d898f0, 0x0000012513d95710,
0x0000012513d97610, 0x0000012513da9ea0, 0x000001257fe3d8f0, 0x00000125191d4e90,
0x0000012519752de0, 0x0000012519949e00, 0x0000012519807d70, 0x0000012519963760,
0x0000012519ab1440, 0x0000012519af2a60
}

Java Threads: ( => current thread )
  0x000001257fddc550 JavaThread "main" [_thread_blocked, id=14852, stack(0x000000117f500000,0x000000117f600000)]
  0x0000012513d57010 JavaThread "Reference Handler" daemon [_thread_blocked, id=16440, stack(0x000000117f800000,0x000000117f900000)]
  0x0000012513d58430 JavaThread "Finalizer" daemon [_thread_blocked, id=5684, stack(0x000000117f900000,0x000000117fa00000)]
  0x0000012513d86f30 JavaThread "Signal Dispatcher" daemon [_thread_blocked, id=9908, stack(0x000000117fa00000,0x000000117fb00000)]
  0x0000012513d879f0 JavaThread "Attach Listener" daemon [_thread_blocked, id=16608, stack(0x000000117fb00000,0x000000117fc00000)]
  0x0000012513d88d40 JavaThread "Service Thread" daemon [_thread_blocked, id=16988, stack(0x000000117fc00000,0x000000117fd00000)]
  0x0000012513d898f0 JavaThread "Monitor Deflation Thread" daemon [_thread_blocked, id=10816, stack(0x000000117fd00000,0x000000117fe00000)]
  0x0000012513d95710 JavaThread "C2 CompilerThread0" daemon [_thread_blocked, id=15128, stack(0x000000117fe00000,0x000000117ff00000)]
  0x0000012513d97610 JavaThread "C1 CompilerThread0" daemon [_thread_blocked, id=27016, stack(0x000000117ff00000,0x0000001180000000)]
  0x0000012513da9ea0 JavaThread "Sweeper thread" daemon [_thread_blocked, id=14240, stack(0x0000001100000000,0x0000001100100000)]
  0x000001257fe3d8f0 JavaThread "Common-Cleaner" daemon [_thread_blocked, id=17352, stack(0x0000001100100000,0x0000001100200000)]
  0x00000125191d4e90 JavaThread "Notification Thread" daemon [_thread_blocked, id=25564, stack(0x0000001100200000,0x0000001100300000)]
  0x0000012519752de0 JavaThread "Active Thread: Equinox Container: 291d98b3-1b81-446d-84c1-0be39a8daa4c" [_thread_blocked, id=30420, stack(0x0000001100700000,0x0000001100800000)]
  0x0000012519949e00 JavaThread "Framework Event Dispatcher: Equinox Container: 291d98b3-1b81-446d-84c1-0be39a8daa4c" daemon [_thread_blocked, id=13004, stack(0x0000001100800000,0x0000001100900000)]
=>0x0000012519807d70 JavaThread "Start Level: Equinox Container: 291d98b3-1b81-446d-84c1-0be39a8daa4c" daemon [_thread_in_vm, id=26336, stack(0x0000001100900000,0x0000001100a00000)]
  0x0000012519963760 JavaThread "SCR Component Actor" daemon [_thread_blocked, id=19748, stack(0x0000001100a00000,0x0000001100b00000)]
  0x0000012519ab1440 JavaThread "SCR Component Registry" daemon [_thread_blocked, id=12492, stack(0x0000001100b00000,0x0000001100c00000)]
  0x0000012519af2a60 JavaThread "Worker-JM" [_thread_blocked, id=10520, stack(0x0000001100c00000,0x0000001100d00000)]

Other Threads:
  0x0000012513d438e0 VMThread "VM Thread" [stack: 0x000000117f700000,0x000000117f800000] [id=11604]
  0x000001251921a0a0 WatcherThread [stack: 0x0000001100300000,0x0000001100400000] [id=29376]
  0x000001257fdf1b70 GCTaskThread "GC Thread#0" [stack: 0x000000117f600000,0x000000117f700000] [id=28292]
  0x0000012519687030 GCTaskThread "GC Thread#1" [stack: 0x0000001100400000,0x0000001100500000] [id=12364]
  0x0000012519408940 GCTaskThread "GC Thread#2" [stack: 0x0000001100500000,0x0000001100600000] [id=11848]
  0x0000012519408bf0 GCTaskThread "GC Thread#3" [stack: 0x0000001100600000,0x0000001100700000] [id=31680]

Threads with active compile tasks:

VM state: not at safepoint (normal execution)

VM Mutex/Monitor currently owned by a thread:  ([mutex/lock_event])
[0x000001257fdd7ae0] Metaspace_lock - owner thread: 0x0000012519807d70

Heap address: 0x00000000c0000000, size: 1024 MB, Compressed Oops mode: 32-bit

CDS archive(s) not mapped
Compressed class space mapped at: 0x0000000100000000-0x0000000140000000, reserved size: 1073741824
Narrow klass base: 0x0000000000000000, Narrow klass shift: 3, Narrow klass range: 0x140000000

GC Precious Log:
 CPUs: 4 total, 4 available
 Memory: 3526M
 Large Page Support: Disabled
 NUMA Support: Disabled
 Compressed Oops: Enabled (32-bit)
 Alignments: Space 512K, Generation 512K, Heap 2M
 Heap Min Capacity: 100M
 Heap Initial Capacity: 100M
 Heap Max Capacity: 1G
 Pre-touch: Disabled
 Parallel Workers: 4

Heap:
 PSYoungGen      total 29696K, used 25477K [0x00000000eab00000, 0x00000000ecc00000, 0x0000000100000000)
  eden space 25600K, 83% used [0x00000000eab00000,0x00000000ebfe1a00,0x00000000ec400000)
  from space 4096K, 99% used [0x00000000ec800000,0x00000000ecbffcf0,0x00000000ecc00000)
  to   space 4096K, 0% used [0x00000000ec400000,0x00000000ec400000,0x00000000ec800000)
 ParOldGen       total 68608K, used 796K [0x00000000c0000000, 0x00000000c4300000, 0x00000000eab00000)
  object space 68608K, 1% used [0x00000000c0000000,0x00000000c00c7060,0x00000000c4300000)
 Metaspace       used 19574K, committed 19968K, reserved 1114112K
  class space    used 2003K, committed 2176K, reserved 1048576K

Card table byte_map: [0x000001257f790000,0x000001257f9a0000] _byte_map_base: 0x000001257f190000

Marking Bits: (ParMarkBitMap*) 0x00007ffeecc052c0
 Begin Bits: [0x0000012511bc0000, 0x0000012512bc0000)
 End Bits:   [0x0000012512bc0000, 0x0000012513bc0000)

Polling page: 0x000001257dce0000

Metaspace:

Usage:
  Non-class:     17.16 MB used.
      Class:      1.96 MB used.
       Both:     19.12 MB used.

Virtual space:
  Non-class space:       64.00 MB reserved,      17.38 MB ( 27%) committed,  1 nodes.
      Class space:        1.00 GB reserved,       2.12 MB ( <1%) committed,  1 nodes.
             Both:        1.06 GB reserved,      19.50 MB (  2%) committed. 

Chunk freelists:
   Non-Class:  13.73 MB
       Class:  13.86 MB
        Both:  27.59 MB

MaxMetaspaceSize: unlimited
CompressedClassSpaceSize: 1.00 GB
Initial GC threshold: 21.00 MB
Current GC threshold: 21.00 MB
CDS: off
MetaspaceReclaimPolicy: balanced
 - commit_granule_bytes: 65536.
 - commit_granule_words: 8192.
 - virtual_space_node_default_size: 8388608.
 - enlarge_chunks_in_place: 1.
 - new_chunks_are_fully_committed: 0.
 - uncommit_free_chunks: 1.
 - use_allocation_guard: 0.
 - handle_deallocations: 1.


Internal statistics:

num_allocs_failed_limit: 0.
num_arena_births: 208.
num_arena_deaths: 0.
num_vsnodes_births: 2.
num_vsnodes_deaths: 0.
num_space_committed: 312.
num_space_uncommitted: 0.
num_chunks_returned_to_freelist: 0.
num_chunks_taken_from_freelist: 633.
num_chunk_merges: 0.
num_chunk_splits: 409.
num_chunks_enlarged: 279.
num_inconsistent_stats: 0.

CodeHeap 'non-profiled nmethods': size=120000Kb used=750Kb max_used=750Kb free=119249Kb
 bounds [0x000001250a690000, 0x000001250a900000, 0x0000012511bc0000]
CodeHeap 'profiled nmethods': size=120000Kb used=3860Kb max_used=3860Kb free=116140Kb
 bounds [0x0000012502bc0000, 0x0000012502f90000, 0x000001250a0f0000]
CodeHeap 'non-nmethods': size=5760Kb used=1183Kb max_used=1200Kb free=4576Kb
 bounds [0x000001250a0f0000, 0x000001250a360000, 0x000001250a690000]
 total_blobs=2484 nmethods=2003 adapters=395
 compilation: enabled
              stopped_count=0, restarted_count=0
 full_count=0

Compilation events (20 events):
Event: 5.422 Thread 0x0000012513d97610 nmethod 1994 0x0000012502f80c90 code [0x0000012502f80e20, 0x0000012502f80f58]
Event: 5.430 Thread 0x0000012513d95710 nmethod 1990% 0x000001250a749310 code [0x000001250a749500, 0x000001250a74a2e8]
Event: 5.437 Thread 0x0000012513d97610 1995       3       java.util.WeakHashMap::remove (131 bytes)
Event: 5.438 Thread 0x0000012513d97610 nmethod 1995 0x0000012502f81010 code [0x0000012502f81240, 0x0000012502f81cd8]
Event: 5.439 Thread 0x0000012513d97610 1996       3       org.eclipse.core.internal.registry.TableReader::readStringOrNull (18 bytes)
Event: 5.440 Thread 0x0000012513d97610 nmethod 1996 0x0000012502f82110 code [0x0000012502f822e0, 0x0000012502f826c8]
Event: 5.440 Thread 0x0000012513d97610 1997       3       org.eclipse.core.internal.registry.TableReader::readUTF (126 bytes)
Event: 5.441 Thread 0x0000012513d97610 nmethod 1997 0x0000012502f82890 code [0x0000012502f82b20, 0x0000012502f83948]
Event: 5.441 Thread 0x0000012513d97610 1998       1       org.eclipse.core.internal.registry.ReferenceMap$SoftRef::getKey (5 bytes)
Event: 5.441 Thread 0x0000012513d97610 nmethod 1998 0x000001250a74ab90 code [0x000001250a74ad20, 0x000001250a74adf8]
Event: 5.447 Thread 0x0000012513d97610 1999       1       org.eclipse.core.internal.registry.Handle::getId (5 bytes)
Event: 5.448 Thread 0x0000012513d97610 nmethod 1999 0x000001250a74ae90 code [0x000001250a74b020, 0x000001250a74b0f8]
Event: 5.478 Thread 0x0000012513d97610 2000       3       org.eclipse.osgi.internal.hooks.EclipseLazyStarter::shouldActivateFor (123 bytes)
Event: 5.479 Thread 0x0000012513d97610 nmethod 2000 0x0000012502f83e10 code [0x0000012502f84080, 0x0000012502f84be8]
Event: 5.503 Thread 0x0000012513d95710 2001       4       org.eclipse.osgi.internal.hookregistry.ClassLoaderHook::preFindLocalClass (1 bytes)
Event: 5.504 Thread 0x0000012513d95710 nmethod 2001 0x000001250a74b190 code [0x000001250a74b300, 0x000001250a74b378]
Event: 5.506 Thread 0x0000012513d95710 2002       4       org.eclipse.osgi.internal.hookregistry.ClassLoaderHook::postFindLocalClass (1 bytes)
Event: 5.506 Thread 0x0000012513d95710 nmethod 2002 0x000001250a74b490 code [0x000001250a74b600, 0x000001250a74b678]
Event: 5.551 Thread 0x0000012513d97610 2003       1       java.lang.invoke.MethodHandleImpl::isCompileConstant (2 bytes)
Event: 5.551 Thread 0x0000012513d97610 nmethod 2003 0x000001250a74b790 code [0x000001250a74b920, 0x000001250a74b9d8]

GC Heap History (4 events):
Event: 2.708 GC heap before
{Heap before GC invocations=1 (full 0):
 PSYoungGen      total 29696K, used 25600K [0x00000000eab00000, 0x00000000ecc00000, 0x0000000100000000)
  eden space 25600K, 100% used [0x00000000eab00000,0x00000000ec400000,0x00000000ec400000)
  from space 4096K, 0% used [0x00000000ec800000,0x00000000ec800000,0x00000000ecc00000)
  to   space 4096K, 0% used [0x00000000ec400000,0x00000000ec400000,0x00000000ec800000)
 ParOldGen       total 68608K, used 0K [0x00000000c0000000, 0x00000000c4300000, 0x00000000eab00000)
  object space 68608K, 0% used [0x00000000c0000000,0x00000000c0000000,0x00000000c4300000)
 Metaspace       used 11229K, committed 11392K, reserved 1114112K
  class space    used 1124K, committed 1216K, reserved 1048576K
}
Event: 2.731 GC heap after
{Heap after GC invocations=1 (full 0):
 PSYoungGen      total 29696K, used 3177K [0x00000000eab00000, 0x00000000ecc00000, 0x0000000100000000)
  eden space 25600K, 0% used [0x00000000eab00000,0x00000000eab00000,0x00000000ec400000)
  from space 4096K, 77% used [0x00000000ec400000,0x00000000ec71a490,0x00000000ec800000)
  to   space 4096K, 0% used [0x00000000ec800000,0x00000000ec800000,0x00000000ecc00000)
 ParOldGen       total 68608K, used 0K [0x00000000c0000000, 0x00000000c4300000, 0x00000000eab00000)
  object space 68608K, 0% used [0x00000000c0000000,0x00000000c0000000,0x00000000c4300000)
 Metaspace       used 11229K, committed 11392K, reserved 1114112K
  class space    used 1124K, committed 1216K, reserved 1048576K
}
Event: 4.259 GC heap before
{Heap before GC invocations=2 (full 0):
 PSYoungGen      total 29696K, used 28777K [0x00000000eab00000, 0x00000000ecc00000, 0x0000000100000000)
  eden space 25600K, 100% used [0x00000000eab00000,0x00000000ec400000,0x00000000ec400000)
  from space 4096K, 77% used [0x00000000ec400000,0x00000000ec71a490,0x00000000ec800000)
  to   space 4096K, 0% used [0x00000000ec800000,0x00000000ec800000,0x00000000ecc00000)
 ParOldGen       total 68608K, used 0K [0x00000000c0000000, 0x00000000c4300000, 0x00000000eab00000)
  object space 68608K, 0% used [0x00000000c0000000,0x00000000c0000000,0x00000000c4300000)
 Metaspace       used 15439K, committed 15744K, reserved 1114112K
  class space    used 1581K, committed 1728K, reserved 1048576K
}
Event: 4.268 GC heap after
{Heap after GC invocations=2 (full 0):
 PSYoungGen      total 29696K, used 4095K [0x00000000eab00000, 0x00000000ecc00000, 0x0000000100000000)
  eden space 25600K, 0% used [0x00000000eab00000,0x00000000eab00000,0x00000000ec400000)
  from space 4096K, 99% used [0x00000000ec800000,0x00000000ecbffcf0,0x00000000ecc00000)
  to   space 4096K, 0% used [0x00000000ec400000,0x00000000ec400000,0x00000000ec800000)
 ParOldGen       total 68608K, used 796K [0x00000000c0000000, 0x00000000c4300000, 0x00000000eab00000)
  object space 68608K, 1% used [0x00000000c0000000,0x00000000c00c7060,0x00000000c4300000)
 Metaspace       used 15439K, committed 15744K, reserved 1114112K
  class space    used 1581K, committed 1728K, reserved 1048576K
}

Dll operation events (9 events):
Event: 0.040 Loaded shared library c:\Users\juan0\.vscode\extensions\redhat.java-1.21.0-win32-x64\jre\17.0.7-win32-x86_64\bin\java.dll
Event: 0.375 Loaded shared library c:\Users\juan0\.vscode\extensions\redhat.java-1.21.0-win32-x64\jre\17.0.7-win32-x86_64\bin\zip.dll
Event: 0.385 Loaded shared library C:\Users\juan0\.vscode\extensions\redhat.java-1.21.0-win32-x64\jre\17.0.7-win32-x86_64\bin\instrument.dll
Event: 0.429 Loaded shared library C:\Users\juan0\.vscode\extensions\redhat.java-1.21.0-win32-x64\jre\17.0.7-win32-x86_64\bin\net.dll
Event: 0.448 Loaded shared library C:\Users\juan0\.vscode\extensions\redhat.java-1.21.0-win32-x64\jre\17.0.7-win32-x86_64\bin\nio.dll
Event: 0.476 Loaded shared library C:\Users\juan0\.vscode\extensions\redhat.java-1.21.0-win32-x64\jre\17.0.7-win32-x86_64\bin\zip.dll
Event: 0.530 Loaded shared library C:\Users\juan0\.vscode\extensions\redhat.java-1.21.0-win32-x64\jre\17.0.7-win32-x86_64\bin\jimage.dll
Event: 0.738 Loaded shared library c:\Users\juan0\.vscode\extensions\redhat.java-1.21.0-win32-x64\jre\17.0.7-win32-x86_64\bin\verify.dll
Event: 3.955 Loaded shared library C:\Users\juan0\AppData\Roaming\Code\User\globalStorage\redhat.java\1.21.0\config_ss_win\org.eclipse.equinox.launcher\org.eclipse.equinox.launcher.win32.win32.x86_64_1.2.700.v20221108-1024\eclipse_11801.dll

Deoptimization events (20 events):
Event: 4.739 Thread 0x0000012519807d70 Uncommon trap: trap_request=0xffffffc6 fr.pc=0x000001250a7364cc relative=0x0000000000000d0c
Event: 4.739 Thread 0x0000012519807d70 Uncommon trap: reason=bimorphic_or_optimized_type_check action=maybe_recompile pc=0x000001250a7364cc method=java.io.DataInputStream.readInt()I @ 4 c2
Event: 4.739 Thread 0x0000012519807d70 DEOPT PACKING pc=0x000001250a7364cc sp=0x00000011009f8730
Event: 4.739 Thread 0x0000012519807d70 DEOPT UNPACKING pc=0x000001250a1466a3 sp=0x00000011009f86e0 mode 2
Event: 4.739 Thread 0x0000012519807d70 Uncommon trap: trap_request=0xffffffc6 fr.pc=0x000001250a734e98 relative=0x0000000000000358
Event: 4.739 Thread 0x0000012519807d70 Uncommon trap: reason=bimorphic_or_optimized_type_check action=maybe_recompile pc=0x000001250a734e98 method=java.io.DataInputStream.readByte()B @ 4 c2
Event: 4.739 Thread 0x0000012519807d70 DEOPT PACKING pc=0x000001250a734e98 sp=0x00000011009f8740
Event: 4.739 Thread 0x0000012519807d70 DEOPT UNPACKING pc=0x000001250a1466a3 sp=0x00000011009f86f8 mode 2
Event: 4.739 Thread 0x0000012519807d70 Uncommon trap: trap_request=0xffffffc6 fr.pc=0x000001250a7364cc relative=0x0000000000000d0c
Event: 4.739 Thread 0x0000012519807d70 Uncommon trap: reason=bimorphic_or_optimized_type_check action=maybe_recompile pc=0x000001250a7364cc method=java.io.DataInputStream.readInt()I @ 4 c2
Event: 4.739 Thread 0x0000012519807d70 DEOPT PACKING pc=0x000001250a7364cc sp=0x00000011009f87a0
Event: 4.739 Thread 0x0000012519807d70 DEOPT UNPACKING pc=0x000001250a1466a3 sp=0x00000011009f8750 mode 2
Event: 4.739 Thread 0x0000012519807d70 Uncommon trap: trap_request=0xffffffc6 fr.pc=0x000001250a7364cc relative=0x0000000000000d0c
Event: 4.739 Thread 0x0000012519807d70 Uncommon trap: reason=bimorphic_or_optimized_type_check action=maybe_recompile pc=0x000001250a7364cc method=java.io.DataInputStream.readInt()I @ 4 c2
Event: 4.739 Thread 0x0000012519807d70 DEOPT PACKING pc=0x000001250a7364cc sp=0x00000011009f8730
Event: 4.739 Thread 0x0000012519807d70 DEOPT UNPACKING pc=0x000001250a1466a3 sp=0x00000011009f86e0 mode 2
Event: 5.404 Thread 0x0000012519807d70 Uncommon trap: trap_request=0xffffff45 fr.pc=0x000001250a742d90 relative=0x0000000000000e70
Event: 5.404 Thread 0x0000012519807d70 Uncommon trap: reason=unstable_if action=reinterpret pc=0x000001250a742d90 method=java.util.Properties.loadConvert([CIILjava/lang/StringBuilder;)Ljava/lang/String; @ 491 c2
Event: 5.404 Thread 0x0000012519807d70 DEOPT PACKING pc=0x000001250a742d90 sp=0x00000011009f79f0
Event: 5.404 Thread 0x0000012519807d70 DEOPT UNPACKING pc=0x000001250a1466a3 sp=0x00000011009f79d0 mode 2

Classes unloaded (0 events):
No events

Classes redefined (0 events):
No events

Internal exceptions (20 events):
Event: 2.527 Thread 0x000001257fddc550 Exception <a 'java/lang/NoSuchMethodError'{0x00000000ec2fc3c0}: 'int java.lang.invoke.DirectMethodHandle$Holder.invokeStaticInit(java.lang.Object, java.lang.Object)'> (0x00000000ec2fc3c0) 
thrown [s\src\hotspot\share\interpreter\linkResolver.cpp, line 759]
Event: 2.748 Thread 0x000001257fddc550 Exception <a 'java/lang/NoSuchMethodError'{0x00000000eab22d60}: 'void java.lang.invoke.DirectMethodHandle$Holder.invokeSpecial(java.lang.Object, java.lang.Object, java.lang.Object)'> (0x00000000eab22d60) 
thrown [s\src\hotspot\share\interpreter\linkResolver.cpp, line 759]
Event: 3.620 Thread 0x000001257fddc550 Exception <a 'java/lang/NoSuchMethodError'{0x00000000eb7274f8}: 'java.lang.Object java.lang.invoke.DirectMethodHandle$Holder.newInvokeSpecial(java.lang.Object, int, java.lang.Object)'> (0x00000000eb7274f8) 
thrown [s\src\hotspot\share\interpreter\linkResolver.cpp, line 759]
Event: 3.943 Thread 0x000001257fddc550 Exception <a 'java/lang/UnsatisfiedLinkError'{0x00000000ebc53218}: 'void org.eclipse.equinox.launcher.JNIBridge._update_splash()'> (0x00000000ebc53218) 
thrown [s\src\hotspot\share\prims\nativeLookup.cpp, line 543]
Event: 4.050 Thread 0x0000012519807d70 Exception <a 'java/lang/NoSuchMethodError'{0x00000000ebf062a8}: 'java.lang.Object java.lang.invoke.DirectMethodHandle$Holder.invokeStaticInit(java.lang.Object)'> (0x00000000ebf062a8) 
thrown [s\src\hotspot\share\interpreter\linkResolver.cpp, line 759]
Event: 4.530 Thread 0x0000012519807d70 Exception <a 'java/io/FileNotFoundException'{0x00000000eb22da68}> (0x00000000eb22da68) 
thrown [s\src\hotspot\share\prims\jni.cpp, line 516]
Event: 4.559 Thread 0x0000012519807d70 Exception <a 'java/lang/NullPointerException'{0x00000000eb2ab610}> (0x00000000eb2ab610) 
thrown [s\src\hotspot\share\interpreter\linkResolver.cpp, line 1350]
Event: 4.559 Thread 0x0000012519807d70 Exception <a 'java/lang/NullPointerException'{0x00000000eb2abe38}> (0x00000000eb2abe38) 
thrown [s\src\hotspot\share\interpreter\linkResolver.cpp, line 1350]
Event: 4.598 Thread 0x0000012519807d70 Exception <a 'java/lang/NoSuchMethodError'{0x00000000eb3ca138}: 'java.lang.Object java.lang.invoke.Invokers$Holder.invokeExact_MT(java.lang.Object, java.lang.Object, java.lang.Object, java.lang.Object, java.lang.Object, java.lang.Object)'> (0x00000000eb3ca138) 
thrown [s\src\hotspot\share\interpreter\linkResolver.cpp, line 759]
Event: 4.660 Thread 0x0000012519807d70 Exception <a 'java/lang/NoSuchMethodError'{0x00000000eb4e22e0}: 'java.lang.Object java.lang.invoke.Invokers$Holder.linkToTargetMethod(java.lang.Object, long, java.lang.Object)'> (0x00000000eb4e22e0) 
thrown [s\src\hotspot\share\interpreter\linkResolver.cpp, line 759]
Event: 4.814 Thread 0x0000012519807d70 Exception <a 'java/lang/NoSuchMethodError'{0x00000000eb867ff8}: 'void java.lang.invoke.DirectMethodHandle$Holder.invokeInterface(java.lang.Object, java.lang.Object, java.lang.Object)'> (0x00000000eb867ff8) 
thrown [s\src\hotspot\share\interpreter\linkResolver.cpp, line 759]
Event: 5.124 Thread 0x0000012519807d70 Exception <a 'java/lang/NoSuchMethodError'{0x00000000ebc76400}: 'java.lang.Object java.lang.invoke.DirectMethodHandle$Holder.invokeStatic(java.lang.Object, java.lang.Object, int)'> (0x00000000ebc76400) 
thrown [s\src\hotspot\share\interpreter\linkResolver.cpp, line 759]
Event: 5.125 Thread 0x0000012519807d70 Exception <a 'java/lang/NoSuchMethodError'{0x00000000ebc7afb0}: 'void java.lang.invoke.DirectMethodHandle$Holder.invokeStatic(java.lang.Object, java.lang.Object, int, java.lang.Object)'> (0x00000000ebc7afb0) 
thrown [s\src\hotspot\share\interpreter\linkResolver.cpp, line 759]
Event: 5.126 Thread 0x0000012519807d70 Exception <a 'java/lang/NoSuchMethodError'{0x00000000ebc826e0}: 'void java.lang.invoke.DelegatingMethodHandle$Holder.delegate(java.lang.Object, java.lang.Object, int, java.lang.Object)'> (0x00000000ebc826e0) 
thrown [s\src\hotspot\share\interpreter\linkResolver.cpp, line 759]
Event: 5.127 Thread 0x0000012519807d70 Exception <a 'java/lang/NoSuchMethodError'{0x00000000ebc86ac8}: 'int java.lang.invoke.DirectMethodHandle$Holder.invokeSpecial(java.lang.Object, java.lang.Object, java.lang.Object)'> (0x00000000ebc86ac8) 
thrown [s\src\hotspot\share\interpreter\linkResolver.cpp, line 759]
Event: 5.128 Thread 0x0000012519807d70 Exception <a 'java/lang/NoSuchMethodError'{0x00000000ebc96fd0}: 'int java.lang.invoke.DirectMethodHandle$Holder.invokeStatic(java.lang.Object, java.lang.Object, int)'> (0x00000000ebc96fd0) 
thrown [s\src\hotspot\share\interpreter\linkResolver.cpp, line 759]
Event: 5.129 Thread 0x0000012519807d70 Exception <a 'java/lang/NoSuchMethodError'{0x00000000ebc9aff8}: 'int java.lang.invoke.DirectMethodHandle$Holder.invokeSpecial(java.lang.Object, java.lang.Object, java.lang.Object, int)'> (0x00000000ebc9aff8) 
thrown [s\src\hotspot\share\interpreter\linkResolver.cpp, line 759]
Event: 5.131 Thread 0x0000012519807d70 Exception <a 'java/lang/NoSuchMethodError'{0x00000000ebcb5df0}: 'java.lang.Object java.lang.invoke.DirectMethodHandle$Holder.invokeStatic(java.lang.Object, java.lang.Object, java.lang.Object, java.lang.Object, int)'> (0x00000000ebcb5df0) 
thrown [s\src\hotspot\share\interpreter\linkResolver.cpp, line 759]
Event: 5.136 Thread 0x0000012519807d70 Exception <a 'java/lang/NoSuchMethodError'{0x00000000ebcc1de8}: 'java.lang.Object java.lang.invoke.DelegatingMethodHandle$Holder.reinvoke_L(java.lang.Object, java.lang.Object, java.lang.Object, java.lang.Object, int, int)'> (0x00000000ebcc1de8) 
thrown [s\src\hotspot\share\interpreter\linkResolver.cpp, line 759]
Event: 5.142 Thread 0x0000012519807d70 Exception <a 'java/lang/NoSuchMethodError'{0x00000000ebcd6878}: 'java.lang.Object java.lang.invoke.Invokers$Holder.invokeExact_MT(java.lang.Object, java.lang.Object, java.lang.Object, java.lang.Object)'> (0x00000000ebcd6878) 
thrown [s\src\hotspot\share\interpreter\linkResolver.cpp, line 759]

VM Operations (20 events):
Event: 2.708 Executing VM operation: ParallelGCFailedAllocation
Event: 2.731 Executing VM operation: ParallelGCFailedAllocation done
Event: 3.571 Executing VM operation: HandshakeAllThreads
Event: 3.572 Executing VM operation: HandshakeAllThreads done
Event: 3.572 Executing VM operation: HandshakeAllThreads
Event: 3.573 Executing VM operation: HandshakeAllThreads done
Event: 3.581 Executing VM operation: HandshakeAllThreads
Event: 3.581 Executing VM operation: HandshakeAllThreads done
Event: 3.608 Executing VM operation: HandshakeAllThreads
Event: 3.608 Executing VM operation: HandshakeAllThreads done
Event: 4.131 Executing VM operation: HandshakeAllThreads
Event: 4.131 Executing VM operation: HandshakeAllThreads done
Event: 4.131 Executing VM operation: Cleanup
Event: 4.132 Executing VM operation: Cleanup done
Event: 4.259 Executing VM operation: ParallelGCFailedAllocation
Event: 4.268 Executing VM operation: ParallelGCFailedAllocation done
Event: 4.740 Executing VM operation: HandshakeAllThreads
Event: 4.740 Executing VM operation: HandshakeAllThreads done
Event: 5.123 Executing VM operation: HandshakeAllThreads
Event: 5.123 Executing VM operation: HandshakeAllThreads done

Events (20 events):
Event: 5.128 loading class sun/invoke/util/ValueConversions$WrapperCache
Event: 5.128 loading class sun/invoke/util/ValueConversions$WrapperCache done
Event: 5.128 loading class sun/invoke/util/ValueConversions$1
Event: 5.128 loading class sun/invoke/util/ValueConversions$1 done
Event: 5.129 loading class java/lang/invoke/BoundMethodHandle$Species_LI
Event: 5.129 loading class java/lang/invoke/BoundMethodHandle$Species_LI done
Event: 5.130 loading class java/lang/invoke/ClassSpecializer$Factory$1Var
Event: 5.130 loading class java/lang/invoke/ClassSpecializer$Factory$1Var done
Event: 5.396 loading class java/lang/IllegalCallerException
Event: 5.396 loading class java/lang/IllegalCallerException done
Event: 5.512 loading class java/util/stream/SortedOps
Event: 5.525 loading class java/util/stream/SortedOps done
Event: 5.525 loading class java/util/stream/SortedOps$OfRef
Event: 5.526 loading class java/util/stream/ReferencePipeline$StatefulOp
Event: 5.526 loading class java/util/stream/ReferencePipeline$StatefulOp done
Event: 5.526 loading class java/util/stream/SortedOps$OfRef done
Event: 5.526 loading class java/util/stream/SortedOps$RefSortingSink
Event: 5.526 loading class java/util/stream/SortedOps$AbstractRefSortingSink
Event: 5.526 loading class java/util/stream/SortedOps$AbstractRefSortingSink done
Event: 5.526 loading class java/util/stream/SortedOps$RefSortingSink done


Dynamic libraries:
0x00007ff641550000 - 0x00007ff64155e000 	c:\Users\juan0\.vscode\extensions\redhat.java-1.21.0-win32-x64\jre\17.0.7-win32-x86_64\bin\java.exe
0x00007fff60fb0000 - 0x00007fff611c4000 	C:\WINDOWS\SYSTEM32\ntdll.dll
0x00007fff5ff00000 - 0x00007fff5ffc4000 	C:\WINDOWS\System32\KERNEL32.DLL
0x00007fff5e630000 - 0x00007fff5e9d4000 	C:\WINDOWS\System32\KERNELBASE.dll
0x00007fff5ec50000 - 0x00007fff5ed61000 	C:\WINDOWS\System32\ucrtbase.dll
0x00007fff53aa0000 - 0x00007fff53ab7000 	c:\Users\juan0\.vscode\extensions\redhat.java-1.21.0-win32-x64\jre\17.0.7-win32-x86_64\bin\jli.dll
0x00007fff5fcd0000 - 0x00007fff5fe7a000 	C:\WINDOWS\System32\USER32.dll
0x00007fff5eb00000 - 0x00007fff5eb26000 	C:\WINDOWS\System32\win32u.dll
0x00007fff60d20000 - 0x00007fff60d49000 	C:\WINDOWS\System32\GDI32.dll
0x00007fff5e9e0000 - 0x00007fff5eaf9000 	C:\WINDOWS\System32\gdi32full.dll
0x00007fff5eb30000 - 0x00007fff5ebca000 	C:\WINDOWS\System32\msvcp_win.dll
0x00007fff52270000 - 0x00007fff52289000 	c:\Users\juan0\.vscode\extensions\redhat.java-1.21.0-win32-x64\jre\17.0.7-win32-x86_64\bin\VCRUNTIME140.dll
0x00007fff45e80000 - 0x00007fff4610f000 	C:\WINDOWS\WinSxS\amd64_microsoft.windows.common-controls_6595b64144ccf1df_6.0.22621.2070_none_2713e6537381f706\COMCTL32.dll
0x00007fff5f410000 - 0x00007fff5f4b7000 	C:\WINDOWS\System32\msvcrt.dll
0x00007fff5ed70000 - 0x00007fff5eda1000 	C:\WINDOWS\System32\IMM32.DLL
0x00007fff53c50000 - 0x00007fff53c5c000 	c:\Users\juan0\.vscode\extensions\redhat.java-1.21.0-win32-x64\jre\17.0.7-win32-x86_64\bin\vcruntime140_1.dll
0x00007fff20040000 - 0x00007fff200d1000 	c:\Users\juan0\.vscode\extensions\redhat.java-1.21.0-win32-x64\jre\17.0.7-win32-x86_64\bin\msvcp140.dll
0x00007ffeec080000 - 0x00007ffeeccc8000 	c:\Users\juan0\.vscode\extensions\redhat.java-1.21.0-win32-x64\jre\17.0.7-win32-x86_64\bin\server\jvm.dll
0x00007fff5edb0000 - 0x00007fff5ee60000 	C:\WINDOWS\System32\ADVAPI32.dll
0x00007fff5f350000 - 0x00007fff5f3f6000 	C:\WINDOWS\System32\sechost.dll
0x00007fff5f150000 - 0x00007fff5f267000 	C:\WINDOWS\System32\RPCRT4.dll
0x00007fff52230000 - 0x00007fff52239000 	C:\WINDOWS\SYSTEM32\WSOCK32.dll
0x00007fff5fe80000 - 0x00007fff5fef1000 	C:\WINDOWS\System32\WS2_32.dll
0x00007fff58110000 - 0x00007fff58144000 	C:\WINDOWS\SYSTEM32\WINMM.dll
0x00007fff57260000 - 0x00007fff5726a000 	C:\WINDOWS\SYSTEM32\VERSION.dll
0x00007fff5d3d0000 - 0x00007fff5d3e8000 	C:\WINDOWS\SYSTEM32\kernel.appcore.dll
0x00007fff4ce70000 - 0x00007fff4ce7a000 	c:\Users\juan0\.vscode\extensions\redhat.java-1.21.0-win32-x64\jre\17.0.7-win32-x86_64\bin\jimage.dll
0x00007fff51470000 - 0x00007fff5169e000 	C:\WINDOWS\SYSTEM32\DBGHELP.DLL
0x00007fff5f940000 - 0x00007fff5fcca000 	C:\WINDOWS\System32\combase.dll
0x00007fff5ffe0000 - 0x00007fff600b7000 	C:\WINDOWS\System32\OLEAUT32.dll
0x00007fff4f1d0000 - 0x00007fff4f202000 	C:\WINDOWS\SYSTEM32\dbgcore.DLL
0x00007fff5ebd0000 - 0x00007fff5ec4a000 	C:\WINDOWS\System32\bcryptPrimitives.dll
0x00007fff4cd20000 - 0x00007fff4cd2e000 	c:\Users\juan0\.vscode\extensions\redhat.java-1.21.0-win32-x64\jre\17.0.7-win32-x86_64\bin\instrument.dll
0x00007fff34fc0000 - 0x00007fff34fe5000 	c:\Users\juan0\.vscode\extensions\redhat.java-1.21.0-win32-x64\jre\17.0.7-win32-x86_64\bin\java.dll
0x00007fff4c710000 - 0x00007fff4c728000 	c:\Users\juan0\.vscode\extensions\redhat.java-1.21.0-win32-x64\jre\17.0.7-win32-x86_64\bin\zip.dll
0x00007fff60500000 - 0x00007fff60d16000 	C:\WINDOWS\System32\SHELL32.dll
0x00007fff5c360000 - 0x00007fff5cc4a000 	C:\WINDOWS\SYSTEM32\windows.storage.dll
0x00007fff5c220000 - 0x00007fff5c35e000 	C:\WINDOWS\SYSTEM32\wintypes.dll
0x00007fff5efe0000 - 0x00007fff5f0d3000 	C:\WINDOWS\System32\SHCORE.dll
0x00007fff60f10000 - 0x00007fff60f6e000 	C:\WINDOWS\System32\shlwapi.dll
0x00007fff5e2c0000 - 0x00007fff5e2e6000 	C:\WINDOWS\SYSTEM32\profapi.dll
0x00007fff459a0000 - 0x00007fff459b9000 	C:\Users\juan0\.vscode\extensions\redhat.java-1.21.0-win32-x64\jre\17.0.7-win32-x86_64\bin\net.dll
0x00007fff57fd0000 - 0x00007fff58107000 	C:\WINDOWS\SYSTEM32\WINHTTP.dll
0x00007fff5d850000 - 0x00007fff5d8b9000 	C:\WINDOWS\system32\mswsock.dll
0x00007fff457f0000 - 0x00007fff45805000 	C:\Users\juan0\.vscode\extensions\redhat.java-1.21.0-win32-x64\jre\17.0.7-win32-x86_64\bin\nio.dll
0x00007fff47cc0000 - 0x00007fff47cd0000 	c:\Users\juan0\.vscode\extensions\redhat.java-1.21.0-win32-x64\jre\17.0.7-win32-x86_64\bin\verify.dll
0x00007fff34f50000 - 0x00007fff34f8e000 	C:\Users\juan0\AppData\Roaming\Code\User\globalStorage\redhat.java\1.21.0\config_ss_win\org.eclipse.equinox.launcher\org.eclipse.equinox.launcher.win32.win32.x86_64_1.2.700.v20221108-1024\eclipse_11801.dll
0x00007fff60150000 - 0x00007fff602ec000 	C:\WINDOWS\System32\ole32.dll

dbghelp: loaded successfully - version: 4.0.5 - missing functions: none
symbol engine: initialized successfully - sym options: 0x614 - pdb path: .;c:\Users\juan0\.vscode\extensions\redhat.java-1.21.0-win32-x64\jre\17.0.7-win32-x86_64\bin;C:\WINDOWS\SYSTEM32;C:\WINDOWS\WinSxS\amd64_microsoft.windows.common-controls_6595b64144ccf1df_6.0.22621.2070_none_2713e6537381f706;c:\Users\juan0\.vscode\extensions\redhat.java-1.21.0-win32-x64\jre\17.0.7-win32-x86_64\bin\server;C:\Users\juan0\AppData\Roaming\Code\User\globalStorage\redhat.java\1.21.0\config_ss_win\org.eclipse.equinox.launcher\org.eclipse.equinox.launcher.win32.win32.x86_64_1.2.700.v20221108-1024

VM Arguments:
jvm_args: --add-modules=ALL-SYSTEM --add-opens=java.base/java.util=ALL-UNNAMED --add-opens=java.base/java.lang=ALL-UNNAMED --add-opens=java.base/sun.nio.fs=ALL-UNNAMED -Declipse.application=org.eclipse.jdt.ls.core.id1 -Dosgi.bundles.defaultStartLevel=4 -Declipse.product=org.eclipse.jdt.ls.core.product -Djava.import.generatesMetadataFilesAtProjectRoot=false -Dfile.encoding=utf8 -XX:+UseParallelGC -XX:GCTimeRatio=4 -XX:AdaptiveSizePolicyWeight=90 -Dsun.zip.disableMemoryMapping=true -Xmx1G -Xms100m -Xlog:disable -javaagent:c:\Users\juan0\.vscode\extensions\redhat.java-1.21.0-win32-x64\lombok\lombok-1.18.28.jar 
java_command: c:\Users\juan0\.vscode\extensions\redhat.java-1.21.0-win32-x64\server\plugins\org.eclipse.equinox.launcher_1.6.500.v20230717-2134.jar -configuration c:\Users\juan0\AppData\Roaming\Code\User\globalStorage\redhat.java\1.21.0\config_ss_win -data c:\Users\juan0\AppData\Roaming\Code\User\workspaceStorage\510cfb81e794d498a4086d2f40c99931\redhat.java\ss_ws
java_class_path (initial): c:\Users\juan0\.vscode\extensions\redhat.java-1.21.0-win32-x64\server\plugins\org.eclipse.equinox.launcher_1.6.500.v20230717-2134.jar
Launcher Type: SUN_STANDARD

[Global flags]
    uintx AdaptiveSizePolicyWeight                 = 90                                        {product} {command line}
     intx CICompilerCount                          = 3                                         {product} {ergonomic}
    uintx GCTimeRatio                              = 4                                         {product} {command line}
   size_t InitialHeapSize                          = 104857600                                 {product} {command line}
   size_t MaxHeapSize                              = 1073741824                                {product} {command line}
   size_t MaxNewSize                               = 357564416                                 {product} {ergonomic}
   size_t MinHeapDeltaBytes                        = 524288                                    {product} {ergonomic}
   size_t MinHeapSize                              = 104857600                                 {product} {command line}
   size_t NewSize                                  = 34603008                                  {product} {ergonomic}
    uintx NonNMethodCodeHeapSize                   = 5832780                                {pd product} {ergonomic}
    uintx NonProfiledCodeHeapSize                  = 122912730                              {pd product} {ergonomic}
   size_t OldSize                                  = 70254592                                  {product} {ergonomic}
    uintx ProfiledCodeHeapSize                     = 122912730                              {pd product} {ergonomic}
    uintx ReservedCodeCacheSize                    = 251658240                              {pd product} {ergonomic}
     bool SegmentedCodeCache                       = true                                      {product} {ergonomic}
   size_t SoftMaxHeapSize                          = 1073741824                             {manageable} {ergonomic}
     bool UseCompressedClassPointers               = true                           {product lp64_product} {ergonomic}
     bool UseCompressedOops                        = true                           {product lp64_product} {ergonomic}
     bool UseLargePagesIndividualAllocation        = false                                  {pd product} {ergonomic}
     bool UseParallelGC                            = true                                      {product} {command line}

Logging:
Log output configuration:
 #0: stdout all=off uptime,level,tags
 #1: stderr all=off uptime,level,tags

Environment Variables:
JAVA_HOME=C:\Program Files\Java\jdk-19
PATH=C:\Program Files\Eclipse Adoptium\jdk-17.0.8.7-hotspot\bin;C:\Program Files\Common Files\Oracle\Java\javapath;C:\WINDOWS\system32;C:\WINDOWS;C:\WINDOWS\System32\Wbem;C:\WINDOWS\System32\WindowsPowerShell\v1.0\;C:\WINDOWS\System32\OpenSSH\;C:\Program Files\Git\cmd;C:\Users\juan0\AppData\Local\Microsoft\WindowsApps;C:\Program Files\Java\jdk-19\bin;;C:\Users\juan0\AppData\Local\Programs\Microsoft VS Code\bin
USERNAME=juan0
OS=Windows_NT
PROCESSOR_IDENTIFIER=AMD64 Family 23 Model 24 Stepping 1, AuthenticAMD
TMP=C:\Users\juan0\AppData\Local\Temp
TEMP=C:\Users\juan0\AppData\Local\Temp



---------------  S Y S T E M  ---------------

OS:
 Windows 11 , 64 bit Build 22621 (10.0.22621.2070)
OS uptime: 14 days 18:55 hours

CPU: total 4 (initial active 4) (4 cores per cpu, 2 threads per core) family 23 model 24 stepping 1 microcode 0x0, cx8, cmov, fxsr, ht, mmx, 3dnowpref, sse, sse2, sse3, ssse3, sse4a, sse4.1, sse4.2, popcnt, lzcnt, tsc, tscinvbit, avx, avx2, aes, clmul, bmi1, bmi2, adx, sha, fma, vzeroupper, clflush, clflushopt

Memory: 4k page, system-wide physical 3526M (41M free)
TotalPageFile size 14278M (AvailPageFile size 2M)
current process WorkingSet (physical memory assigned to process): 95M, peak: 95M
current process commit charge ("private bytes"): 199M, peak: 199M

vm_info: OpenJDK 64-Bit Server VM (17.0.7+7) for windows-amd64 JRE (17.0.7+7), built on Apr 18 2023 22:10:42 by "temurin" with MS VC++ 16.7 (VS2019)

END.
